<?xml version="1.0" encoding="UTF-8"?>
<!-- Generated by org.testng.reporters.JUnitReportReporter -->
<testsuite hostname="LAPTOP-0I64B6UJ" failures="0" tests="1" name="Module1Login_Test.w3SchoolsTest" time="19.626" errors="0" timestamp="2023-01-13T23:59:39 IST" skipped="0">
  <testcase classname="Module1Login_Test.w3SchoolsTest" name="verifyUserName" time="19.626"/>
  <system-out/>
</testsuite> <!-- Module1Login_Test.w3SchoolsTest -->
